<?xml version="1.0" encoding="UTF-8"?>
<testng-results skipped="0" failed="0" total="1" passed="1">
  <reporter-output>
  </reporter-output>
  <suite name="Default suite" duration-ms="41320" started-at="2019-11-21T19:27:19Z" finished-at="2019-11-21T19:28:00Z">
    <groups>
    </groups>
    <test name="Default test" duration-ms="41320" started-at="2019-11-21T19:27:19Z" finished-at="2019-11-21T19:28:00Z">
      <class name="TestCases.TestCase1">
        <test-method status="PASS" signature="generateReport()[pri:0, instance:TestCases.TestCase1@1ef45e3]" name="generateReport" is-config="true" duration-ms="285" started-at="2019-11-22T00:57:19Z" finished-at="2019-11-22T00:57:19Z">
          <reporter-output>
          </reporter-output>
        </test-method> <!-- generateReport -->
        <test-method status="PASS" signature="beforeClass()[pri:0, instance:TestCases.TestCase1@1ef45e3]" name="beforeClass" is-config="true" duration-ms="20839" started-at="2019-11-22T00:57:19Z" finished-at="2019-11-22T00:57:40Z">
          <reporter-output>
          </reporter-output>
        </test-method> <!-- beforeClass -->
        <test-method status="PASS" signature="methodname(java.lang.reflect.Method)[pri:0, instance:TestCases.TestCase1@1ef45e3]" name="methodname" is-config="true" duration-ms="38" started-at="2019-11-22T00:57:40Z" finished-at="2019-11-22T00:57:40Z">
          <params>
            <param index="0">
              <value>
                <![CDATA[public void TestCases.TestCase1.testHomePage() throws java.lang.Exception]]>
              </value>
            </param>
          </params>
          <reporter-output>
          </reporter-output>
        </test-method> <!-- methodname -->
        <test-method status="PASS" signature="testHomePage()[pri:0, instance:TestCases.TestCase1@1ef45e3]" name="testHomePage" duration-ms="12833" started-at="2019-11-22T00:57:40Z" finished-at="2019-11-22T00:57:53Z">
          <reporter-output>
          </reporter-output>
        </test-method> <!-- testHomePage -->
        <test-method status="PASS" signature="CloseBrowser()[pri:0, instance:TestCases.TestCase1@1ef45e3]" name="CloseBrowser" is-config="true" duration-ms="7185" started-at="2019-11-22T00:57:53Z" finished-at="2019-11-22T00:58:00Z">
          <reporter-output>
          </reporter-output>
        </test-method> <!-- CloseBrowser -->
      </class> <!-- TestCases.TestCase1 -->
    </test> <!-- Default test -->
  </suite> <!-- Default suite -->
</testng-results>
